# JRE version: OpenJDK Runtime Environment (8.0_242-b01) (build 1.8.0_242-release-1644-b01)
# Java VM: OpenJDK 64-Bit Server VM (25.242-b01 mixed mode windows-amd64 compressed oops)
Heap:
 PSYoungGen      total 313856K, used 140423K [0x00000000d5580000, 0x00000000ed980000, 0x0000000100000000)
  eden space 272896K, 37% used [0x00000000d5580000,0x00000000db9e8e98,0x00000000e6000000)
  from space 40960K, 91% used [0x00000000e6000000,0x00000000e84b8e00,0x00000000e8800000)
  to   space 46080K, 0% used [0x00000000eac80000,0x00000000eac80000,0x00000000ed980000)
 ParOldGen       total 211456K, used 83487K [0x0000000080000000, 0x000000008ce80000, 0x00000000d5580000)
  object space 211456K, 39% used [0x0000000080000000,0x0000000085187ed0,0x000000008ce80000)
 Metaspace       used 100372K, capacity 104984K, committed 105128K, reserved 1140736K
  class space    used 13067K, capacity 13962K, committed 14016K, reserved 1048576K
GC Heap History (10 events):
Event: 17.660 GC heap before
{Heap before GC invocations=17 (full 3):
 PSYoungGen      total 229888K, used 229873K [0x00000000d5580000, 0x00000000e8780000, 0x0000000100000000)
  eden space 205312K, 100% used [0x00000000d5580000,0x00000000e1e00000,0x00000000e1e00000)
  from space 24576K, 99% used [0x00000000e1e00000,0x00000000e35fc618,0x00000000e3600000)
  to   space 32768K, 0% used [0x00000000e6780000,0x00000000e6780000,0x00000000e8780000)
 ParOldGen       total 126976K, used 51482K [0x0000000080000000, 0x0000000087c00000, 0x00000000d5580000)
  object space 126976K, 40% used [0x0000000080000000,0x0000000083246a58,0x0000000087c00000)
 Metaspace       used 72164K, capacity 75578K, committed 75672K, reserved 1114112K
  class space    used 9704K, capacity 10393K, committed 10416K, reserved 1048576K
Event: 17.690 GC heap after
Heap after GC invocations=17 (full 3):
 PSYoungGen      total 270336K, used 16914K [0x00000000d5580000, 0x00000000e8200000, 0x0000000100000000)
  eden space 243200K, 0% used [0x00000000d5580000,0x00000000d5580000,0x00000000e4300000)
  from space 27136K, 62% used [0x00000000e6780000,0x00000000e78049e0,0x00000000e8200000)
  to   space 32256K, 0% used [0x00000000e4300000,0x00000000e4300000,0x00000000e6280000)
 ParOldGen       total 126976K, used 73060K [0x0000000080000000, 0x0000000087c00000, 0x00000000d5580000)
  object space 126976K, 57% used [0x0000000080000000,0x0000000084759378,0x0000000087c00000)
 Metaspace       used 72164K, capacity 75578K, committed 75672K, reserved 1114112K
  class space    used 9704K, capacity 10393K, committed 10416K, reserved 1048576K
}
Event: 33.592 GC heap before
{Heap before GC invocations=18 (full 3):
 PSYoungGen      total 270336K, used 260114K [0x00000000d5580000, 0x00000000e8200000, 0x0000000100000000)
  eden space 243200K, 100% used [0x00000000d5580000,0x00000000e4300000,0x00000000e4300000)
  from space 27136K, 62% used [0x00000000e6780000,0x00000000e78049e0,0x00000000e8200000)
  to   space 32256K, 0% used [0x00000000e4300000,0x00000000e4300000,0x00000000e6280000)
 ParOldGen       total 126976K, used 73060K [0x0000000080000000, 0x0000000087c00000, 0x00000000d5580000)
  object space 126976K, 57% used [0x0000000080000000,0x0000000084759378,0x0000000087c00000)
 Metaspace       used 82753K, capacity 86398K, committed 86552K, reserved 1124352K
  class space    used 10950K, capacity 11705K, committed 11824K, reserved 1048576K
Event: 33.612 GC heap after
Heap after GC invocations=18 (full 3):
 PSYoungGen      total 275456K, used 23275K [0x00000000d5580000, 0x00000000ea900000, 0x0000000100000000)
  eden space 243200K, 0% used [0x00000000d5580000,0x00000000d5580000,0x00000000e4300000)
  from space 32256K, 72% used [0x00000000e4300000,0x00000000e59bac50,0x00000000e6280000)
  to   space 33792K, 0% used [0x00000000e8800000,0x00000000e8800000,0x00000000ea900000)
 ParOldGen       total 126976K, used 73068K [0x0000000080000000, 0x0000000087c00000, 0x00000000d5580000)
  object space 126976K, 57% used [0x0000000080000000,0x000000008475b378,0x0000000087c00000)
 Metaspace       used 82753K, capacity 86398K, committed 86552K, reserved 1124352K
  class space    used 10950K, capacity 11705K, committed 11824K, reserved 1048576K
}
Event: 36.192 GC heap before
{Heap before GC invocations=19 (full 3):
 PSYoungGen      total 275456K, used 155712K [0x00000000d5580000, 0x00000000ea900000, 0x0000000100000000)
  eden space 243200K, 54% used [0x00000000d5580000,0x00000000dd6d5540,0x00000000e4300000)
  from space 32256K, 72% used [0x00000000e4300000,0x00000000e59bac50,0x00000000e6280000)
  to   space 33792K, 0% used [0x00000000e8800000,0x00000000e8800000,0x00000000ea900000)
 ParOldGen       total 126976K, used 73068K [0x0000000080000000, 0x0000000087c00000, 0x00000000d5580000)
  object space 126976K, 57% used [0x0000000080000000,0x000000008475b378,0x0000000087c00000)
 Metaspace       used 94730K, capacity 98594K, committed 98600K, reserved 1134592K
  class space    used 12299K, capacity 13115K, committed 13120K, reserved 1048576K
Event: 36.231 GC heap after
Heap after GC invocations=19 (full 3):
 PSYoungGen      total 306688K, used 33787K [0x00000000d5580000, 0x00000000eb880000, 0x0000000100000000)
  eden space 272896K, 0% used [0x00000000d5580000,0x00000000d5580000,0x00000000e6000000)
  from space 33792K, 99% used [0x00000000e8800000,0x00000000ea8fefd8,0x00000000ea900000)
  to   space 40960K, 0% used [0x00000000e6000000,0x00000000e6000000,0x00000000e8800000)
 ParOldGen       total 126976K, used 77962K [0x0000000080000000, 0x0000000087c00000, 0x00000000d5580000)
  object space 126976K, 61% used [0x0000000080000000,0x0000000084c229d8,0x0000000087c00000)
 Metaspace       used 94730K, capacity 98594K, committed 98600K, reserved 1134592K
  class space    used 12299K, capacity 13115K, committed 13120K, reserved 1048576K
}
Event: 36.231 GC heap before
{Heap before GC invocations=20 (full 4):
 PSYoungGen      total 306688K, used 33787K [0x00000000d5580000, 0x00000000eb880000, 0x0000000100000000)
  eden space 272896K, 0% used [0x00000000d5580000,0x00000000d5580000,0x00000000e6000000)
  from space 33792K, 99% used [0x00000000e8800000,0x00000000ea8fefd8,0x00000000ea900000)
  to   space 40960K, 0% used [0x00000000e6000000,0x00000000e6000000,0x00000000e8800000)
 ParOldGen       total 126976K, used 77962K [0x0000000080000000, 0x0000000087c00000, 0x00000000d5580000)
  object space 126976K, 61% used [0x0000000080000000,0x0000000084c229d8,0x0000000087c00000)
 Metaspace       used 94730K, capacity 98594K, committed 98600K, reserved 1134592K
  class space    used 12299K, capacity 13115K, committed 13120K, reserved 1048576K
Event: 36.583 GC heap after
Heap after GC invocations=20 (full 4):
 PSYoungGen      total 306688K, used 0K [0x00000000d5580000, 0x00000000eb880000, 0x0000000100000000)
  eden space 272896K, 0% used [0x00000000d5580000,0x00000000d5580000,0x00000000e6000000)
  from space 33792K, 0% used [0x00000000e8800000,0x00000000e8800000,0x00000000ea900000)
  to   space 40960K, 0% used [0x00000000e6000000,0x00000000e6000000,0x00000000e8800000)
 ParOldGen       total 211456K, used 83479K [0x0000000080000000, 0x000000008ce80000, 0x00000000d5580000)
  object space 211456K, 39% used [0x0000000080000000,0x0000000085185ed0,0x000000008ce80000)
 Metaspace       used 94463K, capacity 97828K, committed 98600K, reserved 1134592K
  class space    used 12215K, capacity 12968K, committed 13120K, reserved 1048576K
}
Event: 38.925 GC heap before
{Heap before GC invocations=21 (full 4):
 PSYoungGen      total 306688K, used 272896K [0x00000000d5580000, 0x00000000eb880000, 0x0000000100000000)
  eden space 272896K, 100% used [0x00000000d5580000,0x00000000e6000000,0x00000000e6000000)
  from space 33792K, 0% used [0x00000000e8800000,0x00000000e8800000,0x00000000ea900000)
  to   space 40960K, 0% used [0x00000000e6000000,0x00000000e6000000,0x00000000e8800000)
 ParOldGen       total 211456K, used 83479K [0x0000000080000000, 0x000000008ce80000, 0x00000000d5580000)
  object space 211456K, 39% used [0x0000000080000000,0x0000000085185ed0,0x000000008ce80000)
 Metaspace       used 99217K, capacity 103722K, committed 103976K, reserved 1138688K
  class space    used 12935K, capacity 13835K, committed 13888K, reserved 1048576K
Event: 38.959 GC heap after
Heap after GC invocations=21 (full 4):
 PSYoungGen      total 313856K, used 37603K [0x00000000d5580000, 0x00000000ed980000, 0x0000000100000000)
  eden space 272896K, 0% used [0x00000000d5580000,0x00000000d5580000,0x00000000e6000000)
  from space 40960K, 91% used [0x00000000e6000000,0x00000000e84b8e00,0x00000000e8800000)
  to   space 46080K, 0% used [0x00000000eac80000,0x00000000eac80000,0x00000000ed980000)
 ParOldGen       total 211456K, used 83487K [0x0000000080000000, 0x000000008ce80000, 0x00000000d5580000)
  object space 211456K, 39% used [0x0000000080000000,0x0000000085187ed0,0x000000008ce80000)
 Metaspace       used 99217K, capacity 103722K, committed 103976K, reserved 1138688K
  class space    used 12935K, capacity 13835K, committed 13888K, reserved 1048576K
}

